<?xml version="1.0" encoding="UTF-8"?>
<testng-results ignored="0" total="2" passed="2" failed="0" skipped="0">
  <reporter-output>
  </reporter-output>
  <suite started-at="2023-10-18T08:28:31 IST" name="Default suite" finished-at="2023-10-18T08:28:41 IST" duration-ms="9268">
    <groups>
    </groups>
    <test started-at="2023-10-18T08:28:31 IST" name="Default test" finished-at="2023-10-18T08:28:41 IST" duration-ms="9268">
      <class name="com.DataDriven">
        <test-method is-config="true" signature="openBrowser()[pri:0, instance:com.DataDriven@799f10e1]" started-at="2023-10-18T08:28:31 IST" name="openBrowser" finished-at="2023-10-18T08:28:34 IST" duration-ms="2097" status="PASS">
          <reporter-output>
          </reporter-output>
        </test-method> <!-- openBrowser -->
        <test-method signature="logintest(java.lang.String,java.lang.String)[pri:0, instance:com.DataDriven@799f10e1]" started-at="2023-10-18T08:28:34 IST" name="logintest" data-provider="dp" finished-at="2023-10-18T08:28:38 IST" duration-ms="3189" status="PASS">
          <params>
            <param index="0">
              <value>
                <![CDATA[abc@gmail.com]]>
              </value>
            </param>
            <param index="1">
              <value>
                <![CDATA[abc@123]]>
              </value>
            </param>
          </params>
          <reporter-output>
          </reporter-output>
        </test-method> <!-- logintest -->
        <test-method signature="logintest(java.lang.String,java.lang.String)[pri:0, instance:com.DataDriven@799f10e1]" started-at="2023-10-18T08:28:38 IST" name="logintest" data-provider="dp" finished-at="2023-10-18T08:28:41 IST" duration-ms="3161" status="PASS">
          <params>
            <param index="0">
              <value>
                <![CDATA[xyz@gmail.com]]>
              </value>
            </param>
            <param index="1">
              <value>
                <![CDATA[xyz@123]]>
              </value>
            </param>
          </params>
          <reporter-output>
          </reporter-output>
        </test-method> <!-- logintest -->
      </class> <!-- com.DataDriven -->
    </test> <!-- Default test -->
  </suite> <!-- Default suite -->
</testng-results>
