<?xml version="1.0" encoding="UTF-8"?>
<testng-results ignored="0" total="3" passed="3" failed="0" skipped="0">
  <reporter-output>
  </reporter-output>
  <suite started-at="2023-10-09T10:35:18 IST" name="Suite" finished-at="2023-10-09T10:35:32 IST" duration-ms="14021">
    <groups>
    </groups>
    <test started-at="2023-10-09T10:35:18 IST" name="Test1" finished-at="2023-10-09T10:35:23 IST" duration-ms="4681">
      <class name="crossbrowser.BrowserTest">
        <test-method signature="test(java.lang.String)[pri:0, instance:crossbrowser.BrowserTest@7f3b84b8]" started-at="2023-10-09T10:35:18 IST" name="test" finished-at="2023-10-09T10:35:23 IST" duration-ms="4615" status="PASS">
          <params>
            <param index="0">
              <value>
                <![CDATA[chrome]]>
              </value>
            </param>
          </params>
          <reporter-output>
          </reporter-output>
        </test-method> <!-- test -->
      </class> <!-- crossbrowser.BrowserTest -->
    </test> <!-- Test1 -->
    <test started-at="2023-10-09T10:35:23 IST" name="Test2" finished-at="2023-10-09T10:35:28 IST" duration-ms="4994">
      <class name="crossbrowser.BrowserTest">
        <test-method signature="test(java.lang.String)[pri:0, instance:crossbrowser.BrowserTest@443118b0]" started-at="2023-10-09T10:35:23 IST" name="test" finished-at="2023-10-09T10:35:28 IST" duration-ms="4989" status="PASS">
          <params>
            <param index="0">
              <value>
                <![CDATA[ff]]>
              </value>
            </param>
          </params>
          <reporter-output>
          </reporter-output>
        </test-method> <!-- test -->
      </class> <!-- crossbrowser.BrowserTest -->
    </test> <!-- Test2 -->
    <test started-at="2023-10-09T10:35:28 IST" name="Test3" finished-at="2023-10-09T10:35:32 IST" duration-ms="4297">
      <class name="crossbrowser.BrowserTest">
        <test-method signature="test(java.lang.String)[pri:0, instance:crossbrowser.BrowserTest@74235045]" started-at="2023-10-09T10:35:28 IST" name="test" finished-at="2023-10-09T10:35:32 IST" duration-ms="4294" status="PASS">
          <params>
            <param index="0">
              <value>
                <![CDATA[edge]]>
              </value>
            </param>
          </params>
          <reporter-output>
          </reporter-output>
        </test-method> <!-- test -->
      </class> <!-- crossbrowser.BrowserTest -->
    </test> <!-- Test3 -->
  </suite> <!-- Suite -->
</testng-results>
