<?xml version="1.0" encoding="UTF-8"?>
<testng-results ignored="0" total="3" passed="3" failed="0" skipped="0">
  <reporter-output>
  </reporter-output>
  <suite started-at="2023-09-22T09:56:59 IST" name="Suite" finished-at="2023-09-22T09:57:10 IST" duration-ms="11018">
    <groups>
    </groups>
    <test started-at="2023-09-22T09:56:59 IST" name="Test1" finished-at="2023-09-22T09:57:02 IST" duration-ms="2562">
      <class name="crossbrowser.BrowserTest">
        <test-method signature="test(java.lang.String)[pri:0, instance:crossbrowser.BrowserTest@7f3b84b8]" started-at="2023-09-22T09:56:59 IST" name="test" finished-at="2023-09-22T09:57:02 IST" duration-ms="2509" status="PASS">
          <params>
            <param index="0">
              <value>
                <![CDATA[chrome]]>
              </value>
            </param>
          </params>
          <reporter-output>
          </reporter-output>
        </test-method> <!-- test -->
      </class> <!-- crossbrowser.BrowserTest -->
    </test> <!-- Test1 -->
    <test started-at="2023-09-22T09:57:02 IST" name="Test2" finished-at="2023-09-22T09:57:06 IST" duration-ms="3733">
      <class name="crossbrowser.BrowserTest">
        <test-method signature="test(java.lang.String)[pri:0, instance:crossbrowser.BrowserTest@443118b0]" started-at="2023-09-22T09:57:02 IST" name="test" finished-at="2023-09-22T09:57:06 IST" duration-ms="3728" status="PASS">
          <params>
            <param index="0">
              <value>
                <![CDATA[ff]]>
              </value>
            </param>
          </params>
          <reporter-output>
          </reporter-output>
        </test-method> <!-- test -->
      </class> <!-- crossbrowser.BrowserTest -->
    </test> <!-- Test2 -->
    <test started-at="2023-09-22T09:57:06 IST" name="Test3" finished-at="2023-09-22T09:57:10 IST" duration-ms="4691">
      <class name="crossbrowser.BrowserTest">
        <test-method signature="test(java.lang.String)[pri:0, instance:crossbrowser.BrowserTest@74235045]" started-at="2023-09-22T09:57:06 IST" name="test" finished-at="2023-09-22T09:57:10 IST" duration-ms="4685" status="PASS">
          <params>
            <param index="0">
              <value>
                <![CDATA[edge]]>
              </value>
            </param>
          </params>
          <reporter-output>
          </reporter-output>
        </test-method> <!-- test -->
      </class> <!-- crossbrowser.BrowserTest -->
    </test> <!-- Test3 -->
  </suite> <!-- Suite -->
</testng-results>
