<?xml version="1.0" encoding="UTF-8"?>
<!-- Generated by org.testng.reporters.JUnitXMLReporter -->
<testsuite ignored="0" hostname="DESKTOP-S4VQME9" failures="1" tests="1" name="Test" time="2.607" errors="0" timestamp="2023-09-23T17:55:23 IST">
  <testcase classname="listener.FBTest" name="titleTest" time="2.438">
    <failure type="java.lang.AssertionError" message="expected [FB] but found [Facebook – log in or sign up]">
      <![CDATA[java.lang.AssertionError: expected [FB] but found [Facebook – log in or sign up]
at listener.FBTest.titleTest(FBTest.java:17)
at java.base/java.util.ArrayList.forEach(ArrayList.java:1511)
... Removed 31 stack frames]]>
    </failure>
  </testcase> <!-- titleTest -->
</testsuite> <!-- Test -->
