<?xml version="1.0" encoding="UTF-8"?>
<!-- Generated by org.testng.reporters.JUnitXMLReporter -->
<testsuite ignored="0" hostname="DESKTOP-S4VQME9" failures="0" tests="11" name="Test1" time="0.11" errors="0" timestamp="2023-09-15T08:53:02 IST">
  <testcase classname="eshop.User" name="login" time="0.011"/>
  <testcase classname="eshop.User" name="logout" time="0.002"/>
  <testcase classname="eshop.User" name="profile" time="0.003"/>
  <testcase classname="eshop.User" name="register" time="0.002"/>
  <testcase classname="eshop.Product" name="addToWishlist" time="0.001"/>
  <testcase classname="eshop.Product" name="addtoCart" time="0.001"/>
  <testcase classname="eshop.Product" name="serchProduct" time="0.002"/>
  <testcase classname="eshop.Payment" name="COD" time="0.002"/>
  <testcase classname="eshop.Payment" name="UPI" time="0.001"/>
  <testcase classname="eshop.Payment" name="creditCart" time="0.002"/>
  <testcase classname="eshop.Payment" name="debitCart" time="0.001"/>
</testsuite> <!-- Test1 -->
