<?xml version="1.0" encoding="UTF-8"?>
<!-- Generated by org.testng.reporters.JUnitXMLReporter -->
<testsuite ignored="8" hostname="DESKTOP-S4VQME9" failures="0" tests="3" name="Test2" time="0.072" errors="0" timestamp="2023-09-18T09:28:49 IST">
  <testcase classname="eshop.User" name="register" time="0.012"/>
  <testcase classname="eshop.Product" name="serchProduct" time="0.002"/>
  <testcase classname="eshop.Payment" name="COD" time="0.002"/>
  <testcase classname="eshop.Product" name="addtoCart" time="0.0">
    <ignored/>
  </testcase> <!-- addtoCart -->
  <testcase classname="eshop.User" name="login" time="0.0">
    <ignored/>
  </testcase> <!-- login -->
  <testcase classname="eshop.Payment" name="creditCart" time="0.0">
    <ignored/>
  </testcase> <!-- creditCart -->
  <testcase classname="eshop.Payment" name="debitCart" time="0.0">
    <ignored/>
  </testcase> <!-- debitCart -->
  <testcase classname="eshop.User" name="logout" time="0.0">
    <ignored/>
  </testcase> <!-- logout -->
  <testcase classname="eshop.Payment" name="UPI" time="0.0">
    <ignored/>
  </testcase> <!-- UPI -->
  <testcase classname="eshop.User" name="profile" time="0.0">
    <ignored/>
  </testcase> <!-- profile -->
  <testcase classname="eshop.Product" name="addToWishlist" time="0.0">
    <ignored/>
  </testcase> <!-- addToWishlist -->
</testsuite> <!-- Test2 -->
